Using pre-set license
Built from '2020.2/staging' branch; Version is '2020.2.7f1 (c53830e277f1) revision 12924976'; Using compiler version '192528614'; Build Type 'Release'
OS: 'Windows 10 Home; OS build 19042.928; Version 2009; 64bit' Language: 'es' Physical Memory: 16261 MB
BatchMode: 1, IsHumanControllingUs: 0, StartBugReporterOnCrash: 0, Is64bit: 1, IsPro: 0

 COMMAND LINE ARGUMENTS:
C:\Program Files\Unity\Hub\Editor\2020.2.7f1\Editor\Unity.exe
-adb2
-batchMode
-noUpm
-name
AssetImportWorker0
-projectPath
C:/Users/ainoa/Documents/GitHub/Projecte/Projecte
-logFile
Logs/AssetImportWorker0.log
-srvPort
49936
Successfully changed project path to: C:/Users/ainoa/Documents/GitHub/Projecte/Projecte
C:/Users/ainoa/Documents/GitHub/Projecte/Projecte
Using Asset Import Pipeline V2.
Refreshing native plugins compatible for Editor in 35.06 ms, found 1 plugins.
Preloading 0 native plugins for Editor in 0.00 ms.
Initialize engine version: 2020.2.7f1 (c53830e277f1)
[Subsystems] Discovering subsystems at path C:/Program Files/Unity/Hub/Editor/2020.2.7f1/Editor/Data/Resources/UnitySubsystems
[Subsystems] Discovering subsystems at path C:/Users/ainoa/Documents/GitHub/Projecte/Projecte/Assets
GfxDevice: creating device client; threaded=0
Direct3D:
    Version:  Direct3D 11.0 [level 11.1]
    Renderer: NVIDIA GeForce RTX 2070 with Max-Q Design (ID=0x1f50)
    Vendor:   
    VRAM:     8031 MB
    Driver:   27.21.14.5763
Initialize mono
Mono path[0] = 'C:/Program Files/Unity/Hub/Editor/2020.2.7f1/Editor/Data/Managed'
Mono path[1] = 'C:/Program Files/Unity/Hub/Editor/2020.2.7f1/Editor/Data/MonoBleedingEdge/lib/mono/unityjit'
Mono config path = 'C:/Program Files/Unity/Hub/Editor/2020.2.7f1/Editor/Data/MonoBleedingEdge/etc'
Using monoOptions --debugger-agent=transport=dt_socket,embedding=1,server=y,suspend=n,address=127.0.0.1:56448
Begin MonoManager ReloadAssembly
Registering precompiled unity dll's ...
Register platform support module: C:/Program Files/Unity/Hub/Editor/2020.2.7f1/Editor/Data/PlaybackEngines/WindowsStandaloneSupport/UnityEditor.WindowsStandalone.Extensions.dll
Registered in 0.002075 seconds.
Native extension for WindowsStandalone target not found
Refreshing native plugins compatible for Editor in 38.85 ms, found 1 plugins.
Preloading 0 native plugins for Editor in 0.00 ms.
Invoked RoslynAnalysisRunner static constructor.
RoslynAnalysisRunner will not be running.
RoslynAnalysisRunner has terminated.
Mono: successfully reloaded assembly
- Completed reload, in  1.836 seconds
Platform modules already initialized, skipping
Registering precompiled user dll's ...
Registered in 0.000988 seconds.
Begin MonoManager ReloadAssembly
Native extension for WindowsStandalone target not found
Refreshing native plugins compatible for Editor in 44.26 ms, found 1 plugins.
Preloading 0 native plugins for Editor in 0.00 ms.
Invoked RoslynAnalysisRunner static constructor.
RoslynAnalysisRunner will not be running.
RoslynAnalysisRunner has terminated.
Mono: successfully reloaded assembly
- Completed reload, in  1.092 seconds
Platform modules already initialized, skipping
========================================================================
Worker process is ready to serve import requests
Launched and connected shader compiler UnityShaderCompiler.exe after 0.05 seconds
Refreshing native plugins compatible for Editor in 0.34 ms, found 1 plugins.
Preloading 0 native plugins for Editor in 0.00 ms.
Unloading 1820 Unused Serialized files (Serialized files now loaded: 0)
System memory in use before: 84.8 MB.
System memory in use after: 84.9 MB.

Unloading 19 unused Assets to reduce memory usage. Loaded Objects now: 2267.
Total: 2.156100 ms (FindLiveObjects: 0.334700 ms CreateObjectMapping: 0.168500 ms MarkObjects: 1.593000 ms  DeleteObjects: 0.058800 ms)

========================================================================
Received Import Request.
  path: Assets/Scripts/Card/Card.cs
  artifactKey: Guid(b5167c4ab3aa0fa47b1af02616ab447c) Importer(815301076,1909f56bfc062723c751e8b465ee728b)
Start importing Assets/Scripts/Card/Card.cs using Guid(b5167c4ab3aa0fa47b1af02616ab447c) Importer(815301076,1909f56bfc062723c751e8b465ee728b)  -> (artifact id: 'd8d9f8aac44c9a3473a25742b6c41e97') in 0.024588 seconds
  Import took 0.027459 seconds .

========================================================================
Received Import Request.
  Time since last request: 68.118851 seconds.
  path: Assets/Scripts/Card/Cards.cs
  artifactKey: Guid(09a03211847ff9b4b9c244bfb0468121) Importer(815301076,1909f56bfc062723c751e8b465ee728b)
Start importing Assets/Scripts/Card/Cards.cs using Guid(09a03211847ff9b4b9c244bfb0468121) Importer(815301076,1909f56bfc062723c751e8b465ee728b)  -> (artifact id: 'b21ffa2948466a4eb9b8c3f75db1c193') in 0.007833 seconds
  Import took 0.011923 seconds .

========================================================================
Received Import Request.
  Time since last request: 33.064689 seconds.
  path: Assets/Scripts/Card/Card.cs
  artifactKey: Guid(b5167c4ab3aa0fa47b1af02616ab447c) Importer(815301076,1909f56bfc062723c751e8b465ee728b)
Start importing Assets/Scripts/Card/Card.cs using Guid(b5167c4ab3aa0fa47b1af02616ab447c) Importer(815301076,1909f56bfc062723c751e8b465ee728b)  -> (artifact id: '8e6e44de468716486a9be1439fbf8095') in 0.002786 seconds
  Import took 0.007400 seconds .

========================================================================
Received Import Request.
  Time since last request: 17.704762 seconds.
  path: Assets/Scripts/Card/CardsManager.cs
  artifactKey: Guid(53744019fcd680c42bf073a236a20b6f) Importer(815301076,1909f56bfc062723c751e8b465ee728b)
Start importing Assets/Scripts/Card/CardsManager.cs using Guid(53744019fcd680c42bf073a236a20b6f) Importer(815301076,1909f56bfc062723c751e8b465ee728b)  -> (artifact id: '0148896c2ffd43f77eaa8ec430edebd3') in 0.006761 seconds
  Import took 0.010003 seconds .

========================================================================
Received Import Request.
  Time since last request: 44.755508 seconds.
  path: Assets/Scripts/Card/CardsManager.cs
  artifactKey: Guid(53744019fcd680c42bf073a236a20b6f) Importer(815301076,1909f56bfc062723c751e8b465ee728b)
Start importing Assets/Scripts/Card/CardsManager.cs using Guid(53744019fcd680c42bf073a236a20b6f) Importer(815301076,1909f56bfc062723c751e8b465ee728b)  -> (artifact id: '09cd4a84984c149d6797a297c8de281f') in 0.002540 seconds
  Import took 0.014917 seconds .

========================================================================
Received Import Request.
  Time since last request: 125.691990 seconds.
  path: Assets/Scripts/Turn Based Strategy/Chunk.cs
  artifactKey: Guid(48d7f563ee866234da638dc4e34aceaa) Importer(815301076,1909f56bfc062723c751e8b465ee728b)
Start importing Assets/Scripts/Turn Based Strategy/Chunk.cs using Guid(48d7f563ee866234da638dc4e34aceaa) Importer(815301076,1909f56bfc062723c751e8b465ee728b)  -> (artifact id: '1986b5145b64e70882f1a8022d30cfca') in 0.013047 seconds
  Import took 0.018325 seconds .

========================================================================
Received Import Request.
  Time since last request: 10.314639 seconds.
  path: Assets/Scripts/Turn Based Strategy/Command Pattern/AttackCommand.cs
  artifactKey: Guid(f56278a9c697738408ef28cd0cc38cd7) Importer(815301076,1909f56bfc062723c751e8b465ee728b)
Start importing Assets/Scripts/Turn Based Strategy/Command Pattern/AttackCommand.cs using Guid(f56278a9c697738408ef28cd0cc38cd7) Importer(815301076,1909f56bfc062723c751e8b465ee728b)  -> (artifact id: 'ac016196daadba764344821f7f47af0b') in 0.007694 seconds
  Import took 0.015842 seconds .

========================================================================
Received Import Request.
  Time since last request: 0.000685 seconds.
  path: Assets/Scripts/Turn Based Strategy/Command Pattern/AttackCommand.cs
  artifactKey: Guid(f56278a9c697738408ef28cd0cc38cd7) Importer(815301076,1909f56bfc062723c751e8b465ee728b)
Start importing Assets/Scripts/Turn Based Strategy/Command Pattern/AttackCommand.cs using Guid(f56278a9c697738408ef28cd0cc38cd7) Importer(815301076,1909f56bfc062723c751e8b465ee728b)  -> (artifact id: 'ac016196daadba764344821f7f47af0b') in 0.002150 seconds
  Import took 0.005514 seconds .

========================================================================
Received Import Request.
  Time since last request: 277.110586 seconds.
  path: Assets/Scripts/Card/Card.cs
  artifactKey: Guid(b5167c4ab3aa0fa47b1af02616ab447c) Importer(815301076,1909f56bfc062723c751e8b465ee728b)
Start importing Assets/Scripts/Card/Card.cs using Guid(b5167c4ab3aa0fa47b1af02616ab447c) Importer(815301076,1909f56bfc062723c751e8b465ee728b)  -> (artifact id: '93fb102681100a41475d4f36e3fad2f1') in 0.006655 seconds
  Import took 0.010015 seconds .

